<?xml version="1.0" encoding="UTF-8"?>
<testng-results ignored="0" total="1" passed="1" failed="0" skipped="0">
  <reporter-output>
  </reporter-output>
  <suite started-at="2025-03-20T21:55:42 IST" name="Suite" finished-at="2025-03-20T21:57:25 IST" duration-ms="102586">
    <groups>
      <group name="Sanity">
        <method signature="TC002_Login.VerifyLogin()[pri:0, instance:testCases.TC002_Login@1ae8bcbc]" name="VerifyLogin" class="testCases.TC002_Login"/>
      </group> <!-- Sanity -->
      <group name="Regresion">
        <method signature="TC002_Login.VerifyLogin()[pri:0, instance:testCases.TC002_Login@1ae8bcbc]" name="VerifyLogin" class="testCases.TC002_Login"/>
      </group> <!-- Regresion -->
    </groups>
    <test started-at="2025-03-20T21:55:42 IST" name="ChromeTest" finished-at="2025-03-20T21:57:25 IST" duration-ms="102586">
      <class name="testCases.TC002_Login">
        <test-method is-config="true" signature="SetUp(java.lang.String,java.lang.String)[pri:0, instance:testCases.TC002_Login@1ae8bcbc]" started-at="2025-03-20T21:55:42 IST" name="SetUp" finished-at="2025-03-20T21:57:05 IST" duration-ms="83030" status="PASS">
          <params>
            <param index="0">
              <value>
                <![CDATA[Chrome]]>
              </value>
            </param>
            <param index="1">
              <value>
                <![CDATA[window]]>
              </value>
            </param>
          </params>
          <reporter-output>
          </reporter-output>
        </test-method> <!-- SetUp -->
        <test-method signature="VerifyLogin()[pri:0, instance:testCases.TC002_Login@1ae8bcbc]" started-at="2025-03-20T21:57:05 IST" name="VerifyLogin" finished-at="2025-03-20T21:57:24 IST" duration-ms="19180" status="PASS">
          <reporter-output>
          </reporter-output>
        </test-method> <!-- VerifyLogin -->
        <test-method is-config="true" signature="TearDown()[pri:0, instance:testCases.TC002_Login@1ae8bcbc]" started-at="2025-03-20T21:57:24 IST" name="TearDown" finished-at="2025-03-20T21:57:25 IST" duration-ms="324" status="PASS">
          <reporter-output>
          </reporter-output>
        </test-method> <!-- TearDown -->
      </class> <!-- testCases.TC002_Login -->
    </test> <!-- ChromeTest -->
  </suite> <!-- Suite -->
</testng-results>
